connect_four MCTS MCTS 1.0
pentago MCTS MCTS 0.0
pentago MCTS MCTS 0.0
connect_four MCTS MCTS 0.0
oware MCTS MCTS 0.0
clobber MCTS MCTS 1.0
clobber MCTS MCTS 0.0
oware MCTS MCTS 0.0
y MCTS MCTS 0.0
checkers MCTS MC_PV 1.0
y MCTS MCTS 0.0
breakthrough MCTS MCTS 0.0
connect_four MCTS MC_PV 1.0
breakthrough MCTS MCTS 0.0
clobber MCTS MC_PV 1.0
clobber MCTS MC_PV 1.0
connect_four MCTS MC_PV 1.0
breakthrough MCTS MC_PV 0.0
pentago MCTS MC_PV 0.0
pentago MCTS MC_PV 0.0
lines_of_action MCTS MCTS 0.0
checkers MCTS MCTS 0.5
checkers MCTS MC_PV 1.0
breakthrough MCTS MC_PV 1.0
checkers MCTS MC_MM 1.0
checkers MCTS MC_MM 1.0
connect_four MCTS MC_MM 1.0
y MCTS MC_PV 0.0
clobber MCTS MC_MM 1.0
clobber MCTS MC_MM 1.0
connect_four MCTS MC_MM 1.0
lines_of_action MCTS MC_PV 0.5
pentago MCTS MC_MM 0.0
y MCTS MC_PV 1.0
pentago MCTS MC_MM 0.0
checkers MCTS MCTS 0.5
oware MCTS MC_PV 1.0
breakthrough MCTS MC_MM 1.0
oware MCTS MC_MM 1.0
breakthrough MCTS MC_MM 1.0
oware MCTS MC_PV 1.0
lines_of_action MCTS MC_MM 0.5
clobber MCTS MC_EV 0.0
connect_four MCTS MC_EV 1.0
connect_four MCTS MC_EV 0.0
y MCTS MC_MM 1.0
clobber MCTS MC_EV 0.0
breakthrough MCTS MC_EV 0.0
breakthrough MCTS MC_EV 0.0
y MCTS MC_MM 1.0
pentago MCTS MC_EV 0.0
checkers MCTS MC_EV 1.0
lines_of_action MCTS MC_EV 0.0
lines_of_action MCTS MC_EV 0.0
pentago MCTS MC_EV 0.0
lines_of_action MCTS MC_PV 0.5
breakthrough MCTS BFMM 0.0
checkers MCTS MC_EV 0.5
connect_four MCTS BFMM 1.0
lines_of_action MCTS MC_MM 0.0
clobber MCTS BFMM 1.0
connect_four MCTS BFMM 1.0
oware MCTS MC_MM 0.0
breakthrough MCTS BFMM 0.0
checkers MCTS BFMM 1.0
y MCTS MC_EV 0.0
lines_of_action MCTS MCTS 0.5
clobber MCTS BFMM 1.0
checkers MCTS BFMM 1.0
y MCTS MC_EV 1.0
oware MCTS BFMM 0.0
oware MCTS MC_EV 0.0
lines_of_action MCTS BFMM 0.0
pentago MCTS BFMM 0.0
pentago MCTS BFMM 0.0
breakthrough MCTS BF_UCT 0.0
lines_of_action MCTS BF_UCT 0.0
connect_four MCTS BF_UCT 1.0
connect_four MCTS BF_UCT 1.0
lines_of_action MCTS BF_UCT 0.0
lines_of_action MCTS BFMM 0.0
clobber MCTS BF_UCT 1.0
clobber MCTS BF_UCT 1.0
oware MCTS MC_EV 0.0
oware MCTS BFMM 0.0
oware MCTS BF_UCT 0.0
pentago MCTS BF_UCT 0.0
breakthrough MCTS BF_UCT 0.0
pentago MCTS BF_UCT 0.5
y MCTS BFMM 1.0
y MCTS BFMM 1.0
checkers MCTS BF_UCT 0.5
oware MCTS BF_UCT 0.0
clobber MCTS BF_SUM 1.0
checkers MCTS BF_SUM 1.0
connect_four MCTS BF_SUM 1.0
y MCTS BF_UCT 0.0
checkers MCTS BF_UCT 1.0
y MCTS BF_UCT 0.0
clobber MCTS BF_SUM 1.0
connect_four MCTS BF_SUM 1.0
lines_of_action MCTS BF_SUM 0.0
breakthrough MCTS BF_SUM 0.0
checkers MCTS BF_SUM 1.0
pentago MCTS BF_SUM 0.5
lines_of_action MCTS BF_SUM 0.0
breakthrough MCTS BF_SUM 0.0
breakthrough MCTS BF_SIM 0.0
pentago MCTS BF_SUM 0.5
connect_four MCTS BF_SIM 1.0
oware MCTS BF_SUM 0.0
oware MCTS BF_SUM 0.0
clobber MCTS BF_SIM 1.0
clobber MCTS BF_SIM 1.0
checkers MCTS BF_SIM 1.0
connect_four MCTS BF_SIM 1.0
pentago MCTS BF_SIM 0.5
pentago MCTS BF_SIM 0.0
breakthrough MCTS BF_SIM 0.0
y MCTS BF_SUM 1.0
y MCTS BF_SUM 1.0
oware MCTS BF_SIM 1.0
breakthrough MC_PV MCTS 0.0
breakthrough MC_PV MCTS 0.0
connect_four MC_PV MCTS 0.0
checkers MCTS BF_SIM 1.0
checkers MC_PV MCTS 0.0
checkers MC_PV MCTS 1.0
connect_four MC_PV MCTS 0.0
clobber MC_PV MCTS 0.0
lines_of_action MC_PV MCTS 0.5
clobber MC_PV MCTS 1.0
pentago MC_PV MCTS 0.0
pentago MC_PV MCTS 1.0
y MCTS BF_SIM 1.0
oware MC_PV MCTS 0.0
breakthrough MC_PV MC_PV 0.0
y MCTS BF_SIM 1.0
y MC_PV MCTS 0.0
connect_four MC_PV MC_PV 0.0
oware MC_PV MCTS 0.0
y MC_PV MCTS 0.0
connect_four MC_PV MC_PV 1.0
pentago MC_PV MC_PV 0.0
clobber MC_PV MC_PV 1.0
clobber MC_PV MC_PV 1.0
pentago MC_PV MC_PV 0.0
checkers MC_PV MC_PV 0.0
oware MC_PV MC_PV 1.0
oware MCTS BF_SIM 1.0
oware MC_PV MC_PV 0.0
checkers MC_PV MC_MM 1.0
y MC_PV MC_PV 0.0
connect_four MC_PV MC_MM 0.0
breakthrough MC_PV MC_PV 1.0
checkers MC_PV MC_PV 1.0
checkers MC_PV MC_MM 1.0
clobber MC_PV MC_MM 0.0
connect_four MC_PV MC_MM 1.0
lines_of_action MCTS BF_SIM 0.0
y MC_PV MC_PV 1.0
lines_of_action MC_PV MC_MM 0.5
clobber MC_PV MC_MM 1.0
pentago MC_PV MC_MM 0.0
lines_of_action MCTS BF_SIM 0.0
breakthrough MC_PV MC_MM 1.0
pentago MC_PV MC_MM 0.0
breakthrough MC_PV MC_MM 1.0
breakthrough MC_PV MC_EV 0.0
clobber MC_PV MC_EV 0.0
clobber MC_PV MC_EV 1.0
oware MC_PV MC_MM 1.0
connect_four MC_PV MC_EV 0.5
connect_four MC_PV MC_EV 1.0
lines_of_action MC_PV MC_PV 0.0
oware MC_PV MC_MM 0.0
checkers MC_PV MC_EV 1.0
y MC_PV MC_MM 1.0
pentago MC_PV MC_EV 1.0
pentago MC_PV MC_EV 1.0
y MC_PV MC_MM 1.0
breakthrough MC_PV MC_EV 1.0
lines_of_action MC_PV MC_EV 0.0
oware MC_PV MC_EV 0.0
lines_of_action MC_PV MCTS 0.5
breakthrough MC_PV BFMM 0.0
oware MC_PV MC_EV 0.0
connect_four MC_PV BFMM 0.0
connect_four MC_PV BFMM 1.0
clobber MC_PV BFMM 1.0
clobber MC_PV BFMM 0.0
checkers MC_PV BFMM 1.0
checkers MC_PV MC_EV 0.5
lines_of_action MC_PV BFMM 0.0
lines_of_action MC_PV BFMM 0.0
oware MC_PV BFMM 0.0
y MC_PV MC_EV 1.0
oware MC_PV BFMM 0.0
pentago MC_PV BFMM 1.0
lines_of_action MC_PV MC_EV 0.0
y MC_PV MC_EV 1.0
pentago MC_PV BFMM 0.5
connect_four MC_PV BF_UCT 0.0
breakthrough MC_PV BFMM 0.0
checkers MC_PV BFMM 1.0
lines_of_action MC_PV MC_MM 0.0
lines_of_action MC_PV BF_UCT 0.0
pentago MC_PV BF_UCT 0.0
connect_four MC_PV BF_UCT 1.0
clobber MC_PV BF_UCT 0.0
clobber MC_PV BF_UCT 1.0
oware MC_PV BF_UCT 0.0
oware MC_PV BF_UCT 0.0
lines_of_action MC_PV BF_UCT 0.0
breakthrough MC_PV BF_UCT 0.0
pentago MC_PV BF_UCT 0.0
connect_four MC_PV BF_SUM 1.0
connect_four MC_PV BF_SUM 1.0
breakthrough MC_PV BF_UCT 0.0
y MC_PV BFMM 1.0
y MC_PV BFMM 1.0
checkers MC_PV BF_UCT 0.5
breakthrough MC_PV BF_SUM 0.0
clobber MC_PV BF_SUM 0.0
clobber MC_PV BF_SUM 1.0
checkers MC_PV BF_UCT 1.0
lines_of_action MC_PV BF_SUM 0.0
breakthrough MC_PV BF_SUM 0.0
y MC_PV BF_UCT 0.0
oware MC_PV BF_SUM 0.0
oware MC_PV BF_SUM 0.0
lines_of_action MC_PV BF_SUM 0.0
pentago MC_PV BF_SUM 1.0
checkers MC_PV BF_SUM 1.0
lines_of_action MC_PV MC_PV 0.5
connect_four MC_PV BF_SIM 1.0
pentago MC_PV BF_SUM 0.5
breakthrough MC_PV BF_SIM 1.0
y MC_PV BF_UCT 1.0
breakthrough MC_PV BF_SIM 0.0
connect_four MC_PV BF_SIM 1.0
checkers MC_PV BF_SIM 1.0
clobber MC_PV BF_SIM 0.0
clobber MC_PV BF_SIM 0.0
checkers MC_PV BF_SIM 1.0
breakthrough MC_MM MCTS 0.0
pentago MC_PV BF_SIM 0.0
pentago MC_PV BF_SIM 0.0
y MC_PV BF_SUM 0.0
connect_four MC_MM MCTS 0.0
checkers MC_PV BF_SUM 1.0
connect_four MC_MM MCTS 0.0
y MC_PV BF_SUM 1.0
breakthrough MC_MM MCTS 0.0
oware MC_PV BF_SIM 0.0
checkers MC_MM MCTS 0.0
clobber MC_MM MCTS 0.0
pentago MC_MM MCTS 1.0
clobber MC_MM MCTS 1.0
checkers MC_MM MCTS 0.0
pentago MC_MM MCTS 0.0
oware MC_MM MCTS 0.0
breakthrough MC_MM MC_PV 0.0
breakthrough MC_MM MC_PV 0.0
y MC_PV BF_SIM 1.0
y MC_PV BF_SIM 1.0
oware MC_MM MCTS 0.0
y MC_MM MCTS 0.0
y MC_MM MCTS 0.0
oware MC_PV BF_SIM 0.0
clobber MC_MM MC_PV 0.0
clobber MC_MM MC_PV 0.0
checkers MC_MM MC_PV 0.0
checkers MC_MM MC_PV 0.0
connect_four MC_MM MC_PV 1.0
pentago MC_MM MC_PV 0.0
connect_four MC_MM MC_PV 1.0
lines_of_action MC_MM MCTS 0.5
pentago MC_MM MC_PV 0.0
connect_four MC_MM MC_MM 0.0
breakthrough MC_MM MC_MM 1.0
connect_four MC_MM MC_MM 1.0
lines_of_action MC_MM MC_PV 1.0
lines_of_action MC_MM MC_PV 1.0
clobber MC_MM MC_MM 1.0
clobber MC_MM MC_MM 0.0
checkers MC_MM MC_MM 0.0
y MC_MM MC_PV 0.0
pentago MC_MM MC_MM 0.0
pentago MC_MM MC_MM 0.0
y MC_MM MC_PV 0.0
lines_of_action MC_PV BF_SIM 0.0
oware MC_MM MC_MM 0.0
breakthrough MC_MM MC_MM 1.0
checkers MC_MM MC_MM 0.0
oware MC_MM MC_PV 1.0
breakthrough MC_MM MC_EV 1.0
breakthrough MC_MM MC_EV 0.0
oware MC_MM MC_MM 0.0
lines_of_action MC_MM MC_MM 1.0
y MC_MM MC_MM 0.0
clobber MC_MM MC_EV 0.0
connect_four MC_MM MC_EV 1.0
clobber MC_MM MC_EV 0.0
y MC_MM MC_MM 1.0
connect_four MC_MM MC_EV 1.0
pentago MC_MM MC_EV 0.0
lines_of_action MC_PV BF_SIM 0.5
lines_of_action MC_MM MC_EV 0.0
pentago MC_MM MC_EV 1.0
lines_of_action MC_MM MC_MM 0.5
oware MC_MM MC_EV 0.0
oware MC_MM MC_EV 0.0
lines_of_action MC_MM MCTS 0.5
lines_of_action MC_MM MC_EV 0.0
checkers MC_MM MC_EV 0.5
connect_four MC_MM BFMM 0.0
connect_four MC_MM BFMM 0.0
clobber MC_MM BFMM 1.0
clobber MC_MM BFMM 1.0
breakthrough MC_MM BFMM 0.0
y MC_MM MC_EV 0.0
checkers MC_MM MC_EV 0.5
oware MC_MM BFMM 0.0
y MC_MM MC_EV 0.0
oware MC_MM BFMM 0.0
pentago MC_MM BFMM 0.0
breakthrough MC_MM BFMM 0.0
pentago MC_MM BFMM 0.0
lines_of_action MC_MM BFMM 0.0
lines_of_action MC_MM BFMM 0.0
breakthrough MC_MM BF_UCT 0.0
connect_four MC_MM BF_UCT 0.0
checkers MC_MM BFMM 1.0
lines_of_action MC_MM BF_UCT 0.0
connect_four MC_MM BF_UCT 1.0
pentago MC_MM BF_UCT 1.0
clobber MC_MM BF_UCT 1.0
breakthrough MC_MM BF_UCT 0.0
lines_of_action MC_MM BF_UCT 0.0
y MC_MM BFMM 0.0
clobber MC_MM BF_UCT 1.0
checkers MC_MM BFMM 1.0
oware MC_MM BF_UCT 0.0
y MC_MM BFMM 1.0
pentago MC_MM BF_UCT 1.0
connect_four MC_MM BF_SUM 1.0
oware MC_MM BF_UCT 0.0
checkers MC_MM BF_UCT 0.5
lines_of_action MC_MM BF_SUM 0.0
breakthrough MC_MM BF_SUM 0.0
connect_four MC_MM BF_SUM 1.0
clobber MC_MM BF_SUM 0.0
clobber MC_MM BF_SUM 0.0
y MC_MM BF_UCT 0.0
pentago MC_MM BF_SUM 0.0
oware MC_MM BF_SUM 0.0
pentago MC_MM BF_SUM 1.0
lines_of_action MC_MM BF_SUM 0.0
breakthrough MC_MM BF_SIM 0.0
oware MC_MM BF_SUM 0.0
breakthrough MC_MM BF_SIM 0.0
y MC_MM BF_UCT 0.0
breakthrough MC_MM BF_SUM 0.0
oware MC_MM MC_PV 1.0
checkers MC_MM BF_SUM 0.5
y MC_MM BF_SUM 1.0
clobber MC_MM BF_SIM 0.0
connect_four MC_MM BF_SIM 1.0
checkers MC_MM BF_SIM 0.0
connect_four MC_MM BF_SIM 1.0
y MC_MM BF_SUM 0.0
checkers MC_MM BF_UCT 0.5
clobber MC_MM BF_SIM 1.0
pentago MC_MM BF_SIM 1.0
pentago MC_MM BF_SIM 0.0
oware MC_MM BF_SIM 0.0
connect_four MC_EV MCTS 0.0
connect_four MC_EV MCTS 0.0
checkers MC_MM BF_SIM 1.0
checkers MC_MM BF_SUM 1.0
clobber MC_EV MCTS 0.0
clobber MC_EV MCTS 0.0
y MC_MM BF_SIM 1.0
breakthrough MC_EV MCTS 0.0
pentago MC_EV MCTS 0.0
breakthrough MC_EV MCTS 0.0
pentago MC_EV MCTS 0.0
y MC_MM BF_SIM 1.0
checkers MC_EV MCTS 0.0
checkers MC_EV MCTS 0.0
connect_four MC_EV MC_PV 0.0
y MC_EV MCTS 0.0
breakthrough MC_EV MC_PV 0.0
connect_four MC_EV MC_PV 0.0
checkers MC_EV MC_PV 0.0
clobber MC_EV MC_PV 1.0
checkers MC_EV MC_PV 0.0
y MC_EV MCTS 0.0
clobber MC_EV MC_PV 1.0
oware MC_MM BF_SIM 1.0
pentago MC_EV MC_PV 0.0
pentago MC_EV MC_PV 0.0
breakthrough MC_EV MC_PV 0.0
y MC_EV MC_PV 0.0
oware MC_EV MC_PV 1.0
y MC_EV MC_PV 0.0
checkers MC_EV MC_MM 0.0
connect_four MC_EV MC_MM 0.0
connect_four MC_EV MC_MM 0.0
clobber MC_EV MC_MM 0.0
clobber MC_EV MC_MM 0.0
breakthrough MC_EV MC_MM 1.0
breakthrough MC_EV MC_MM 1.0
lines_of_action MC_EV MCTS 0.0
oware MC_EV MCTS 1.0
pentago MC_EV MC_MM 0.0
lines_of_action MC_MM BF_SIM 0.0
pentago MC_EV MC_MM 0.0
lines_of_action MC_EV MCTS 0.0
checkers MC_EV MC_MM 0.5
oware MC_EV MCTS 1.0
oware MC_EV MC_MM 1.0
oware MC_EV MC_MM 1.0
breakthrough MC_EV MC_EV 1.0
clobber MC_EV MC_EV 0.0
y MC_EV MC_MM 1.0
lines_of_action MC_EV MC_PV 0.0
connect_four MC_EV MC_EV 0.0
breakthrough MC_EV MC_EV 0.0
clobber MC_EV MC_EV 1.0
connect_four MC_EV MC_EV 1.0
lines_of_action MC_EV MC_PV 0.0
lines_of_action MC_EV MC_EV 1.0
y MC_EV MC_MM 1.0
pentago MC_EV MC_EV 1.0
pentago MC_EV MC_EV 1.0
lines_of_action MC_EV MC_EV 0.0
checkers MC_EV MC_EV 0.5
lines_of_action MC_EV MC_MM 0.0
breakthrough MC_EV BFMM 0.0
y MC_EV MC_EV 0.0
checkers MC_EV MC_EV 1.0
breakthrough MC_EV BFMM 0.0
clobber MC_EV BFMM 1.0
lines_of_action MC_EV BFMM 1.0
clobber MC_EV BFMM 0.0
connect_four MC_EV BFMM 0.5
y MC_EV MC_EV 0.0
connect_four MC_EV BFMM 0.5
oware MC_EV MC_EV 0.0
pentago MC_EV BFMM 1.0
pentago MC_EV BFMM 0.0
oware MC_EV MC_EV 0.0
checkers MC_EV BFMM 0.5
oware MC_EV BFMM 0.0
y MC_EV BFMM 0.0
clobber MC_EV BF_UCT 0.0
connect_four MC_EV BF_UCT 0.0
checkers MC_EV BF_UCT 1.0
checkers MC_EV BF_UCT 1.0
lines_of_action MC_EV MC_MM 0.0
checkers MC_EV BFMM 1.0
breakthrough MC_EV BF_UCT 0.0
clobber MC_EV BF_UCT 0.0
y MC_EV BFMM 1.0
connect_four MC_EV BF_UCT 1.0
lines_of_action MC_EV BFMM 0.0
breakthrough MC_EV BF_UCT 0.0
pentago MC_EV BF_UCT 1.0
pentago MC_EV BF_UCT 0.0
oware MC_EV BF_UCT 0.0
lines_of_action MC_MM BF_SIM 0.0
lines_of_action MC_EV BF_UCT 0.0
y MC_EV BF_UCT 0.0
clobber MC_EV BF_SUM 1.0
connect_four MC_EV BF_SUM 0.0
lines_of_action MC_EV BF_SUM 0.0
clobber MC_EV BF_SUM 1.0
oware MC_EV BF_UCT 0.0
connect_four MC_EV BF_SUM 1.0
pentago MC_EV BF_SUM 1.0
oware MC_EV BFMM 0.0
breakthrough MC_EV BF_SUM 0.0
pentago MC_EV BF_SUM 1.0
y MC_EV BF_UCT 0.0
lines_of_action MC_EV BF_SUM 0.0
oware MC_EV BF_SUM 0.0
oware MC_EV MC_PV 1.0
connect_four MC_EV BF_SIM 0.0
breakthrough MC_EV BF_SUM 1.0
lines_of_action MC_EV BF_UCT 0.0
checkers MC_EV BF_SIM 0.0
checkers MC_EV BF_SUM 0.5
oware MC_EV BF_SUM 0.0
clobber MC_EV BF_SIM 1.0
y MC_EV BF_SUM 0.0
clobber MC_EV BF_SIM 0.0
connect_four MC_EV BF_SIM 1.0
breakthrough MC_EV BF_SIM 0.0
pentago MC_EV BF_SIM 0.0
pentago MC_EV BF_SIM 1.0
oware MC_EV BF_SIM 1.0
y MC_EV BF_SUM 0.0
checkers MC_EV BF_SUM 0.5
connect_four BFMM MCTS 0.0
breakthrough BFMM MCTS 0.0
connect_four BFMM MCTS 0.0
breakthrough BFMM MCTS 0.0
clobber BFMM MCTS 0.0
checkers BFMM MCTS 0.0
breakthrough MC_EV BF_SIM 1.0
pentago BFMM MCTS 1.0
y MC_EV BF_SIM 0.0
clobber BFMM MCTS 0.0
pentago BFMM MCTS 1.0
lines_of_action BFMM MCTS 1.0
checkers BFMM MCTS 0.0
y MC_EV BF_SIM 1.0
checkers MC_EV BF_SIM 0.5
connect_four BFMM MC_PV 0.0
breakthrough BFMM MC_PV 1.0
connect_four BFMM MC_PV 0.0
clobber BFMM MC_PV 0.0
y BFMM MCTS 0.0
y BFMM MCTS 0.0
oware BFMM MCTS 1.0
clobber BFMM MC_PV 0.0
oware BFMM MCTS 1.0
checkers BFMM MC_PV 0.0
lines_of_action MC_EV BF_SIM 0.0
pentago BFMM MC_PV 0.0
breakthrough BFMM MC_PV 0.0
pentago BFMM MC_PV 0.0
oware MC_EV BF_SIM 1.0
checkers BFMM MC_PV 0.0
oware BFMM MC_PV 1.0
oware BFMM MC_PV 1.0
y BFMM MC_PV 0.0
breakthrough BFMM MC_MM 1.0
lines_of_action BFMM MCTS 1.0
breakthrough BFMM MC_MM 1.0
connect_four BFMM MC_MM 0.0
clobber BFMM MC_MM 0.0
checkers BFMM MC_MM 0.0
connect_four BFMM MC_MM 0.0
lines_of_action BFMM MC_PV 1.0
pentago BFMM MC_MM 1.0
lines_of_action BFMM MC_PV 1.0
pentago BFMM MC_MM 1.0
clobber BFMM MC_MM 0.0
lines_of_action MC_EV BF_SIM 1.0
y BFMM MC_PV 0.0
connect_four BFMM MC_EV 1.0
connect_four BFMM MC_EV 1.0
oware BFMM MC_MM 1.0
clobber BFMM MC_EV 0.0
oware BFMM MC_MM 1.0
clobber BFMM MC_EV 0.0
lines_of_action BFMM MC_MM 1.0
pentago BFMM MC_EV 1.0
breakthrough BFMM MC_EV 1.0
lines_of_action BFMM MC_EV 0.0
pentago BFMM MC_EV 1.0
checkers BFMM MC_MM 0.0
checkers BFMM MC_EV 0.0
lines_of_action BFMM MC_MM 1.0
lines_of_action BFMM MC_EV 1.0
y BFMM MC_MM 1.0
breakthrough BFMM MC_EV 1.0
oware BFMM MC_EV 1.0
y BFMM MC_MM 1.0
connect_four BFMM BFMM 0.0
checkers BFMM MC_EV 0.5
y BFMM MC_EV 1.0
connect_four BFMM BFMM 1.0
clobber BFMM BFMM 1.0
pentago BFMM BFMM 1.0
y BFMM MC_EV 1.0
clobber BFMM BFMM 0.0
pentago BFMM BFMM 1.0
lines_of_action BFMM BFMM 0.0
breakthrough BFMM BFMM 0.0
lines_of_action BFMM BFMM 1.0
connect_four BFMM BF_UCT 0.0
breakthrough BFMM BFMM 0.0
checkers BFMM BFMM 1.0
clobber BFMM BF_UCT 0.0
connect_four BFMM BF_UCT 0.0
clobber BFMM BF_UCT 0.0
breakthrough BFMM BF_UCT 1.0
y BFMM BFMM 0.0
pentago BFMM BF_UCT 1.0
y BFMM BFMM 0.0
breakthrough BFMM BF_UCT 1.0
pentago BFMM BF_UCT 0.0
oware BFMM MC_EV 0.5
y BFMM BF_UCT 0.0
checkers BFMM BF_UCT 0.5
lines_of_action BFMM BF_UCT 0.5
lines_of_action BFMM BF_UCT 0.0
y BFMM BF_UCT 1.0
connect_four BFMM BF_SUM 1.0
connect_four BFMM BF_SUM 1.0
breakthrough BFMM BF_SUM 0.0
clobber BFMM BF_SUM 0.0
clobber BFMM BF_SUM 0.0
lines_of_action BFMM BF_SUM 1.0
pentago BFMM BF_SUM 1.0
pentago BFMM BF_SUM 1.0
checkers BFMM BF_SUM 0.0
breakthrough BFMM BF_SUM 1.0
lines_of_action BFMM BF_SUM 0.0
checkers BFMM BFMM 0.5
checkers BFMM BF_UCT 0.5
oware BFMM BF_UCT 0.0
checkers BFMM BF_SUM 0.5
breakthrough BFMM BF_SIM 1.0
oware BFMM BF_UCT 1.0
connect_four BFMM BF_SIM 1.0
clobber BFMM BF_SIM 0.0
y BFMM BF_SUM 0.0
clobber BFMM BF_SIM 1.0
pentago BFMM BF_SIM 1.0
pentago BFMM BF_SIM 1.0
breakthrough BFMM BF_SIM 1.0
connect_four BFMM BF_SIM 1.0
y BFMM BF_SUM 0.0
oware BFMM BF_SIM 1.0
lines_of_action BFMM BF_SIM 1.0
checkers BFMM BF_SIM 0.5
oware BFMM BF_SIM 1.0
checkers BF_UCT MCTS 0.0
clobber BF_UCT MCTS 0.0
connect_four BF_UCT MCTS 0.0
connect_four BF_UCT MCTS 0.0
clobber BF_UCT MCTS 0.0
oware BFMM BF_SUM 1.0
breakthrough BF_UCT MCTS 0.0
lines_of_action BF_UCT MCTS 1.0
y BFMM BF_SIM 1.0
checkers BFMM BF_SIM 0.5
pentago BF_UCT MCTS 1.0
pentago BF_UCT MCTS 1.0
breakthrough BF_UCT MCTS 0.0
y BFMM BF_SIM 1.0
lines_of_action BFMM BF_SIM 1.0
lines_of_action BF_UCT MCTS 1.0
oware BF_UCT MCTS 1.0
connect_four BF_UCT MC_PV 0.0
oware BF_UCT MCTS 1.0
oware BFMM BF_SUM 1.0
lines_of_action BF_UCT MC_PV 1.0
lines_of_action BF_UCT MC_PV 1.0
clobber BF_UCT MC_PV 1.0
connect_four BF_UCT MC_PV 1.0
checkers BF_UCT MC_PV 0.0
clobber BF_UCT MC_PV 0.0
breakthrough BF_UCT MC_PV 1.0
pentago BF_UCT MC_PV 1.0
pentago BF_UCT MC_PV 1.0
breakthrough BF_UCT MC_PV 1.0
y BF_UCT MCTS 0.0
y BF_UCT MCTS 0.0
oware BF_UCT MC_PV 1.0
breakthrough BF_UCT MC_MM 1.0
checkers BF_UCT MCTS 0.0
oware BF_UCT MC_PV 1.0
connect_four BF_UCT MC_MM 0.0
breakthrough BF_UCT MC_MM 1.0
connect_four BF_UCT MC_MM 1.0
pentago BF_UCT MC_MM 1.0
clobber BF_UCT MC_MM 1.0
lines_of_action BF_UCT MC_MM 1.0
clobber BF_UCT MC_MM 1.0
pentago BF_UCT MC_MM 1.0
y BF_UCT MC_PV 0.0
oware BF_UCT MC_MM 1.0
oware BFMM BFMM 0.0
checkers BF_UCT MC_PV 0.5
y BF_UCT MC_PV 0.0
lines_of_action BF_UCT MC_MM 1.0
checkers BF_UCT MC_MM 0.0
oware BF_UCT MC_MM 1.0
connect_four BF_UCT MC_EV 0.0
checkers BF_UCT MC_MM 0.0
oware BFMM BFMM 1.0
pentago BF_UCT MC_EV 1.0
clobber BF_UCT MC_EV 0.0
pentago BF_UCT MC_EV 1.0
connect_four BF_UCT MC_EV 0.0
clobber BF_UCT MC_EV 1.0
y BF_UCT MC_MM 1.0
lines_of_action BF_UCT MC_EV 0.0
breakthrough BF_UCT MC_EV 1.0
lines_of_action BF_UCT MC_EV 0.0
breakthrough BF_UCT MC_EV 0.0
y BF_UCT MC_MM 0.0
breakthrough BF_UCT BFMM 1.0
oware BF_UCT MC_EV 1.0
connect_four BF_UCT BFMM 0.0
clobber BF_UCT BFMM 1.0
lines_of_action BF_UCT BFMM 0.0
clobber BF_UCT BFMM 1.0
connect_four BF_UCT BFMM 0.0
lines_of_action BF_UCT BFMM 0.5
pentago BF_UCT BFMM 1.0
y BF_UCT MC_EV 1.0
pentago BF_UCT BFMM 1.0
breakthrough BF_UCT BFMM 1.0
y BF_UCT MC_EV 1.0
oware BF_UCT MC_EV 1.0
checkers BF_UCT BFMM 1.0
checkers BF_UCT MC_EV 0.5
connect_four BF_UCT BF_UCT 1.0
checkers BF_UCT MC_EV 1.0
connect_four BF_UCT BF_UCT 0.0
clobber BF_UCT BF_UCT 1.0
checkers BF_UCT BF_UCT 1.0
checkers BF_UCT BF_UCT 1.0
clobber BF_UCT BF_UCT 0.0
pentago BF_UCT BF_UCT 1.0
y BF_UCT BFMM 0.0
pentago BF_UCT BF_UCT 1.0
lines_of_action BF_UCT BF_UCT 1.0
lines_of_action BF_UCT BF_UCT 0.0
breakthrough BF_UCT BF_UCT 0.0
y BF_UCT BFMM 0.0
breakthrough BF_UCT BF_UCT 0.0
connect_four BF_UCT BF_SUM 1.0
checkers BF_UCT BFMM 0.5
y BF_UCT BF_UCT 1.0
connect_four BF_UCT BF_SUM 1.0
clobber BF_UCT BF_SUM 0.0
y BF_UCT BF_UCT 0.0
clobber BF_UCT BF_SUM 1.0
lines_of_action BF_UCT BF_SUM 0.5
pentago BF_UCT BF_SUM 1.0
pentago BF_UCT BF_SUM 1.0
breakthrough BF_UCT BF_SUM 1.0
lines_of_action BF_UCT BF_SUM 1.0
breakthrough BF_UCT BF_SUM 0.0
y BF_UCT BF_SUM 0.0
checkers BF_UCT BF_SUM 0.5
checkers BF_UCT BF_SUM 1.0
breakthrough BF_UCT BF_SIM 1.0
oware BF_UCT BFMM 1.0
oware BF_UCT BF_UCT 0.0
clobber BF_UCT BF_SIM 1.0
clobber BF_UCT BF_SIM 1.0
connect_four BF_UCT BF_SIM 1.0
pentago BF_UCT BF_SIM 1.0
breakthrough BF_UCT BF_SIM 1.0
lines_of_action BF_UCT BF_SIM 1.0
connect_four BF_UCT BF_SIM 1.0
pentago BF_UCT BF_SIM 1.0
lines_of_action BF_UCT BF_SIM 1.0
y BF_UCT BF_SUM 0.0
oware BF_UCT BF_SIM 1.0
oware BF_UCT BF_SIM 1.0
checkers BF_UCT BF_SIM 1.0
checkers BF_UCT BF_SIM 1.0
oware BF_UCT BFMM 1.0
oware BF_UCT BF_UCT 1.0
connect_four BF_SUM MCTS 0.0
connect_four BF_SUM MCTS 0.0
checkers BF_SUM MCTS 0.0
clobber BF_SUM MCTS 0.0
clobber BF_SUM MCTS 1.0
pentago BF_SUM MCTS 1.0
pentago BF_SUM MCTS 1.0
oware BF_UCT BF_SUM 1.0
oware BF_UCT BF_SUM 1.0
breakthrough BF_SUM MCTS 0.0
y BF_UCT BF_SIM 1.0
checkers BF_SUM MCTS 0.0
breakthrough BF_SUM MCTS 1.0
y BF_UCT BF_SIM 1.0
clobber BF_SUM MC_PV 1.0
checkers BF_SUM MC_PV 0.0
connect_four BF_SUM MC_PV 0.0
clobber BF_SUM MC_PV 0.0
y BF_SUM MCTS 0.0
connect_four BF_SUM MC_PV 0.0
pentago BF_SUM MC_PV 1.0
y BF_SUM MCTS 0.0
pentago BF_SUM MC_PV 1.0
y BF_SUM MC_PV 0.0
checkers BF_SUM MC_PV 0.5
y BF_SUM MC_PV 0.0
breakthrough BF_SUM MC_PV 1.0
breakthrough BF_SUM MC_PV 1.0
oware BF_SUM MCTS 1.0
connect_four BF_SUM MC_MM 1.0
connect_four BF_SUM MC_MM 1.0
breakthrough BF_SUM MC_MM 1.0
lines_of_action BF_SUM MC_PV 0.0
checkers BF_SUM MC_MM 1.0
clobber BF_SUM MC_MM 1.0
breakthrough BF_SUM MC_MM 1.0
lines_of_action BF_SUM MC_PV 0.0
pentago BF_SUM MC_MM 1.0
lines_of_action BF_SUM MCTS 1.0
pentago BF_SUM MC_MM 1.0
clobber BF_SUM MC_MM 1.0
checkers BF_SUM MC_MM 0.0
lines_of_action BF_SUM MCTS 0.0
connect_four BF_SUM MC_EV 0.0
oware BF_SUM MC_MM 1.0
oware BF_SUM MC_MM 1.0
clobber BF_SUM MC_EV 1.0
clobber BF_SUM MC_EV 1.0
breakthrough BF_SUM MC_EV 1.0
checkers BF_SUM MC_EV 0.0
y BF_SUM MC_MM 1.0
pentago BF_SUM MC_EV 1.0
y BF_SUM MC_MM 1.0
lines_of_action BF_SUM MC_EV 1.0
connect_four BF_SUM MC_EV 0.5
pentago BF_SUM MC_EV 1.0
checkers BF_SUM MC_EV 0.0
lines_of_action BF_SUM MC_EV 1.0
breakthrough BF_SUM MC_EV 1.0
oware BF_SUM MC_EV 0.0
y BF_SUM MC_EV 1.0
clobber BF_SUM BFMM 0.0
clobber BF_SUM BFMM 1.0
breakthrough BF_SUM BFMM 0.0
connect_four BF_SUM BFMM 0.0
pentago BF_SUM BFMM 1.0
connect_four BF_SUM BFMM 0.0
y BF_SUM MC_EV 1.0
pentago BF_SUM BFMM 1.0
lines_of_action BF_SUM MC_MM 0.0
lines_of_action BF_SUM BFMM 0.0
breakthrough BF_SUM BFMM 1.0
checkers BF_SUM BFMM 0.5
checkers BF_SUM BFMM 1.0
y BF_SUM BFMM 0.0
lines_of_action BF_SUM BFMM 0.0
clobber BF_SUM BF_UCT 1.0
checkers BF_SUM BF_UCT 0.0
oware BF_SUM MCTS 1.0
y BF_SUM BFMM 0.0
connect_four BF_SUM BF_UCT 0.0
breakthrough BF_SUM BF_UCT 1.0
connect_four BF_SUM BF_UCT 0.0
clobber BF_SUM BF_UCT 0.0
pentago BF_SUM BF_UCT 1.0
checkers BF_SUM BF_UCT 0.0
pentago BF_SUM BF_UCT 1.0
breakthrough BF_SUM BF_UCT 1.0
oware BF_SUM BFMM 0.0
lines_of_action BF_SUM BF_UCT 0.0
y BF_SUM BF_UCT 0.0
breakthrough BF_SUM BF_SUM 0.0
breakthrough BF_SUM BF_SUM 0.0
clobber BF_SUM BF_SUM 1.0
y BF_SUM BF_UCT 0.0
clobber BF_SUM BF_SUM 1.0
checkers BF_SUM BF_SUM 0.5
lines_of_action BF_SUM BF_UCT 1.0
pentago BF_SUM BF_SUM 0.0
pentago BF_SUM BF_SUM 1.0
connect_four BF_SUM BF_SUM 1.0
lines_of_action BF_SUM BF_SUM 0.0
oware BF_SUM MC_PV 1.0
connect_four BF_SUM BF_SUM 1.0
lines_of_action BF_SUM MC_MM 0.0
checkers BF_SUM BF_SUM 0.5
oware BF_SUM BF_UCT 1.0
y BF_SUM BF_SUM 1.0
clobber BF_SUM BF_SIM 1.0
clobber BF_SUM BF_SIM 1.0
connect_four BF_SUM BF_SIM 1.0
lines_of_action BF_SUM BF_SUM 0.5
connect_four BF_SUM BF_SIM 1.0
y BF_SUM BF_SUM 1.0
pentago BF_SUM BF_SIM 1.0
pentago BF_SUM BF_SIM 1.0
breakthrough BF_SUM BF_SIM 1.0
checkers BF_SUM BF_SIM 0.5
checkers BF_SUM BF_SIM 0.5
breakthrough BF_SUM BF_SIM 1.0
oware BF_SUM BF_SIM 1.0
breakthrough BF_SIM MCTS 0.0
oware BF_SUM BFMM 0.0
connect_four BF_SIM MCTS 0.0
breakthrough BF_SIM MCTS 0.0
checkers BF_SIM MCTS 0.0
checkers BF_SIM MCTS 0.0
clobber BF_SIM MCTS 0.0
connect_four BF_SIM MCTS 0.0
clobber BF_SIM MCTS 0.0
oware BF_SUM MC_EV 0.5
y BF_SUM BF_SIM 1.0
y BF_SUM BF_SIM 1.0
oware BF_SUM BF_SUM 1.0
pentago BF_SIM MCTS 0.0
pentago BF_SIM MCTS 0.0
oware BF_SUM BF_UCT 1.0
oware BF_SIM MCTS 0.0
breakthrough BF_SIM MC_PV 0.0
lines_of_action BF_SUM BF_SIM 1.0
breakthrough BF_SIM MC_PV 0.0
oware BF_SIM MCTS 0.0
connect_four BF_SIM MC_PV 0.0
connect_four BF_SIM MC_PV 0.0
y BF_SIM MCTS 0.0
checkers BF_SIM MC_PV 0.0
clobber BF_SIM MC_PV 1.0
clobber BF_SIM MC_PV 0.0
y BF_SIM MCTS 0.0
pentago BF_SIM MC_PV 0.0
checkers BF_SIM MC_PV 0.0
pentago BF_SIM MC_PV 0.0
lines_of_action BF_SIM MCTS 0.5
oware BF_SUM BF_SIM 1.0
breakthrough BF_SIM MC_MM 0.0
checkers BF_SIM MC_MM 0.0
oware BF_SIM MC_PV 0.0
checkers BF_SIM MC_MM 1.0
y BF_SIM MC_PV 0.0
y BF_SIM MC_PV 0.0
connect_four BF_SIM MC_MM 0.0
connect_four BF_SIM MC_MM 1.0
oware BF_SIM MC_PV 0.0
oware BF_SUM BF_SUM 0.0
pentago BF_SIM MC_MM 0.0
pentago BF_SIM MC_MM 0.0
clobber BF_SIM MC_MM 0.0
breakthrough BF_SIM MC_MM 1.0
clobber BF_SIM MC_MM 0.0
breakthrough BF_SIM MC_EV 0.0
oware BF_SIM MC_MM 1.0
breakthrough BF_SIM MC_EV 0.0
lines_of_action BF_SIM MCTS 0.0
connect_four BF_SIM MC_EV 0.0
connect_four BF_SIM MC_EV 0.0
y BF_SIM MC_MM 0.0
clobber BF_SIM MC_EV 1.0
y BF_SIM MC_MM 1.0
lines_of_action BF_SIM MC_PV 0.0
clobber BF_SIM MC_EV 0.0
lines_of_action BF_SIM MC_MM 1.0
oware BF_SIM MC_MM 1.0
pentago BF_SIM MC_EV 0.0
pentago BF_SIM MC_EV 0.0
oware BF_SIM MC_EV 0.0
oware BF_SIM MC_EV 0.0
breakthrough BF_SIM BFMM 0.0
breakthrough BF_SIM BFMM 0.0
lines_of_action BF_SIM MC_EV 0.0
